<?xml version="1.0" encoding="UTF-8"?>

<beans xmlns="http://www.springframework.org/schema/beans" xmlns:xsi="http://www.w3.org/2001/XMLSchema-instance" xmlns:tx="http://www.springframework.org/schema/tx" 
	xmlns:context="http://www.springframework.org/schema/context" xmlns:neo4j="http://www.springframework.org/schema/data/neo4j"
	xsi:schemaLocation="http://www.springframework.org/schema/beans http://www.springframework.org/schema/beans/spring-beans.xsd
		http://www.springframework.org/schema/context http://www.springframework.org/schema/context/spring-context.xsd 
		http://www.springframework.org/schema/tx http://www.springframework.org/schema/tx/spring-tx.xsd 
		http://www.springframework.org/schema/data/neo4j http://www.springframework.org/schema/data/neo4j/spring-neo4j.xsd">

	<context:annotation-config />
	<context:spring-configured />

	<bean id="validator" class="org.springframework.validation.beanvalidation.LocalValidatorFactoryBean"/>

	<context:component-scan base-package="com.yogotic.pravega" />

	<neo4j:repositories base-package="com.yogotic.pravega.repository"/>

	<tx:annotation-driven mode="proxy"/>

    <neo4j:config storeDirectory="target/data/graph.db"/>	
	
</beans>